su: ignoring --preserve-environment, it's mutually exclusive with --login

Attaching package: ‘shinydashboard’

The following object is masked from ‘package:graphics’:

    box


Attaching package: ‘DT’

The following objects are masked from ‘package:shiny’:

    dataTableOutput, renderDataTable

Loading required package: ggplot2

Attaching package: ‘plotly’

The following object is masked from ‘package:ggplot2’:

    last_plot

The following object is masked from ‘package:stats’:

    filter

The following object is masked from ‘package:graphics’:

    layout

Package 'INLAjoint' version 25.5.14
Type 'citation("INLAjoint")' for citing this R package in publications.
Loading INLAjoint from source...
INLAjoint source loaded successfully!
Loading required package: DBI

Attaching package: ‘RMySQL’

The following object is masked from ‘package:RPostgreSQL’:

    dbApply


Attaching package: ‘RSQLite’

The following object is masked from ‘package:RMySQL’:

    isIdCurrent


Listening on http://127.0.0.1:38315
Warning in data("LongMS", package = "INLAjoint") :
  data set ‘LongMS’ not found
Warning in data("SurvMS", package = "INLAjoint") :
  data set ‘SurvMS’ not found
Using simplified joint model (INLA not available)
Warning in RColorBrewer::brewer.pal(max(N, 3L), "Set2") :
  n too large, allowed maximum for palette Set2 is 8
Returning the palette you asked for with that many colors

Warning in RColorBrewer::brewer.pal(max(N, 3L), "Set2") :
  n too large, allowed maximum for palette Set2 is 8
Returning the palette you asked for with that many colors

Rows: 41 Columns: 6
── Column specification ────────────────────────────────────────────────────────
Delimiter: ","
dbl (6): id, time, outcome, treatment, age, sex

ℹ Use `spec()` to retrieve the full column specification for this data.
ℹ Specify the column types or set `show_col_types = FALSE` to quiet this message.
Rows: 10 Columns: 6
── Column specification ────────────────────────────────────────────────────────
Delimiter: ","
dbl (6): id, time_to_event, event, treatment, age, sex

ℹ Use `spec()` to retrieve the full column specification for this data.
ℹ Specify the column types or set `show_col_types = FALSE` to quiet this message.
Using simplified joint model (INLA not available)
Warning: Error in get: object 'y' not found
  117: get
  116: eval
  115: eval
  114: eval_expr
  113: lazyeval::f_eval
  112: <Anonymous>
  111: rapply
  109: <Anonymous>
  108: mapply
  107: Map
  106: plotly_build.plotly
  102: getFromNamespace("prepareWidget", "plotly")
  101: shinyRenderWidget
  100: func
   87: renderFunc
   86: output$results_display-longitudinal_plot
    1: runApp
Warning in data("LongMS", package = "INLAjoint") :
  data set ‘LongMS’ not found
Warning in data("SurvMS", package = "INLAjoint") :
  data set ‘SurvMS’ not found
Warning in RColorBrewer::brewer.pal(max(N, 3L), "Set2") :
  n too large, allowed maximum for palette Set2 is 8
Returning the palette you asked for with that many colors

Warning in RColorBrewer::brewer.pal(max(N, 3L), "Set2") :
  n too large, allowed maximum for palette Set2 is 8
Returning the palette you asked for with that many colors

Using simplified joint model (INLA not available)
Terminated

