su: ignoring --preserve-environment, it's mutually exclusive with --login

Attaching package: ‘shinydashboard’

The following object is masked from ‘package:graphics’:

    box


Attaching package: ‘DT’

The following objects are masked from ‘package:shiny’:

    dataTableOutput, renderDataTable

Loading required package: ggplot2

Attaching package: ‘plotly’

The following object is masked from ‘package:ggplot2’:

    last_plot

The following object is masked from ‘package:stats’:

    filter

The following object is masked from ‘package:graphics’:

    layout

Package 'INLAjoint' version 25.5.14
Type 'citation("INLAjoint")' for citing this R package in publications.
Loading required package: DBI

Attaching package: ‘RMySQL’

The following object is masked from ‘package:RPostgreSQL’:

    dbApply


Attaching package: ‘RSQLite’

The following object is masked from ‘package:RMySQL’:

    isIdCurrent


Listening on http://127.0.0.1:42319
Warning in data("LongMS", package = "INLAjoint") :
  data set ‘LongMS’ not found
Warning in data("SurvMS", package = "INLAjoint") :
  data set ‘SurvMS’ not found
Warning in data("Longsim", package = "INLAjoint") :
  data set ‘Longsim’ not found
Warning in data("Survsim", package = "INLAjoint") :
  data set ‘Survsim’ not found
Rows: 41 Columns: 6
── Column specification ────────────────────────────────────────────────────────
Delimiter: ","
dbl (6): id, time, outcome, treatment, age, sex

ℹ Use `spec()` to retrieve the full column specification for this data.
ℹ Specify the column types or set `show_col_types = FALSE` to quiet this message.
Rows: 10 Columns: 6
── Column specification ────────────────────────────────────────────────────────
Delimiter: ","
dbl (6): id, time_to_event, event, treatment, age, sex

ℹ Use `spec()` to retrieve the full column specification for this data.
ℹ Specify the column types or set `show_col_types = FALSE` to quiet this message.
Terminated

