su: ignoring --preserve-environment, it's mutually exclusive with --login

Attaching package: ‘shinydashboard’

The following object is masked from ‘package:graphics’:

    box


Attaching package: ‘DT’

The following objects are masked from ‘package:shiny’:

    dataTableOutput, renderDataTable

Loading required package: ggplot2

Attaching package: ‘plotly’

The following object is masked from ‘package:ggplot2’:

    last_plot

The following object is masked from ‘package:stats’:

    filter

The following object is masked from ‘package:graphics’:

    layout

Package 'INLAjoint' version 25.5.14
Type 'citation("INLAjoint")' for citing this R package in publications.
Loading required package: DBI

Attaching package: ‘RMySQL’

The following object is masked from ‘package:RPostgreSQL’:

    dbApply


Attaching package: ‘RSQLite’

The following object is masked from ‘package:RMySQL’:

    isIdCurrent

INLA not available, using mock functions

Listening on http://127.0.0.1:36977
Warning in data("LongMS", package = "INLAjoint") :
  data set ‘LongMS’ not found
Warning in data("SurvMS", package = "INLAjoint") :
  data set ‘SurvMS’ not found
Warning in RColorBrewer::brewer.pal(max(N, 3L), "Set2") :
  n too large, allowed maximum for palette Set2 is 8
Returning the palette you asked for with that many colors

Warning in RColorBrewer::brewer.pal(max(N, 3L), "Set2") :
  n too large, allowed maximum for palette Set2 is 8
Returning the palette you asked for with that many colors

Terminated

