su: ignoring --preserve-environment, it's mutually exclusive with --login

Attaching package: ‘shinydashboard’

The following object is masked from ‘package:graphics’:

    box


Attaching package: ‘DT’

The following objects are masked from ‘package:shiny’:

    dataTableOutput, renderDataTable

Loading required package: ggplot2

Attaching package: ‘plotly’

The following object is masked from ‘package:ggplot2’:

    last_plot

The following object is masked from ‘package:stats’:

    filter

The following object is masked from ‘package:graphics’:

    layout

Package 'INLAjoint' version 25.5.14
Type 'citation("INLAjoint")' for citing this R package in publications.
Error in source("utils/enhanced_inlajoint.R") : 
  utils/enhanced_inlajoint.R:386:0: unexpected end of input
384: 
385: message("Enhanced INLAjoint loader completed successfully")
    ^
Calls: runApp ... sourceUTF8 -> eval -> eval -> ..stacktraceon.. -> source
Execution halted

